build/app/intermediates/manifest_merge_blame_file/debug/processDebugMainManifest/manifest-merger-blame-debug-report.txt
1<?xml version="1.0" encoding="utf-8"?>
2<manifest xmlns:android="http://schemas.android.com/apk/res/android"
3    package="io.flutterflow.quizgametemplate"
4    android:versionCode="1"
5    android:versionName="1.0.0" >
6
7    <uses-sdk
8        android:minSdkVersion="23"
9        android:targetSdkVersion="34" />
10    <!--
11         Flutter needs it to communicate with the running application
12         to allow setting breakpoints, to provide hot reload, etc.
13    -->
14    <uses-permission android:name="android.permission.INTERNET" />
14-->src\main\AndroidManifest.xml:4:5-66
14-->src\main\AndroidManifest.xml:4:22-64
15    <!-- Although the *SdkVersion is captured in gradle build files, this is required for non gradle builds -->
16    <!-- <uses-sdk android:minSdkVersion="21" /> -->
17    <uses-permission android:name="android.permission.ACCESS_NETWORK_STATE" />
17-->[com.google.firebase:firebase-firestore:25.1.4] AndroidManifest.xml:10:5-79
17-->[com.google.firebase:firebase-firestore:25.1.4] AndroidManifest.xml:10:22-76
18
19    <permission
19-->[androidx.core:core:1.13.1] AndroidManifest.xml:22:5-24:47
20        android:name="io.flutterflow.quizgametemplate.DYNAMIC_RECEIVER_NOT_EXPORTED_PERMISSION"
20-->[androidx.core:core:1.13.1] AndroidManifest.xml:23:9-81
21        android:protectionLevel="signature" />
21-->[androidx.core:core:1.13.1] AndroidManifest.xml:24:9-44
22
23    <uses-permission android:name="io.flutterflow.quizgametemplate.DYNAMIC_RECEIVER_NOT_EXPORTED_PERMISSION" />
23-->[androidx.core:core:1.13.1] AndroidManifest.xml:26:5-97
23-->[androidx.core:core:1.13.1] AndroidManifest.xml:26:22-94
24
25    <application
25-->src\main\AndroidManifest.xml:7:5-62:19
26        android:appComponentFactory="androidx.core.app.CoreComponentFactory"
26-->[androidx.core:core:1.13.1] AndroidManifest.xml:28:18-86
27        android:debuggable="true"
28        android:extractNativeLibs="false"
29        android:icon="@mipmap/ic_launcher"
29-->src\main\AndroidManifest.xml:10:9-43
30        android:label="MedHouse"
30-->src\main\AndroidManifest.xml:8:9-33
31        android:requestLegacyExternalStorage="true" >
31-->src\main\AndroidManifest.xml:11:9-52
32        <activity
32-->src\main\AndroidManifest.xml:13:9-51:20
33            android:name="io.flutterflow.quizgametemplate.MainActivity"
33-->src\main\AndroidManifest.xml:14:13-41
34            android:configChanges="orientation|keyboardHidden|keyboard|screenSize|smallestScreenSize|locale|layoutDirection|fontScale|screenLayout|density|uiMode"
34-->src\main\AndroidManifest.xml:18:13-163
35            android:exported="true"
35-->src\main\AndroidManifest.xml:15:13-36
36            android:hardwareAccelerated="true"
36-->src\main\AndroidManifest.xml:19:13-47
37            android:launchMode="singleTop"
37-->src\main\AndroidManifest.xml:16:13-43
38            android:theme="@style/LaunchTheme"
38-->src\main\AndroidManifest.xml:17:13-47
39            android:windowSoftInputMode="adjustResize" >
39-->src\main\AndroidManifest.xml:20:13-55
40
41            <!--
42                 Specifies an Android theme to apply to this Activity as soon as
43                 the Android process has started. This theme is visible to the user
44                 while the Flutter UI initializes. After that, this theme continues
45                 to determine the Window background behind the Flutter UI.
46            -->
47            <meta-data
47-->src\main\AndroidManifest.xml:25:13-28:17
48                android:name="io.flutter.embedding.android.NormalTheme"
48-->src\main\AndroidManifest.xml:26:15-70
49                android:resource="@style/NormalTheme" />
49-->src\main\AndroidManifest.xml:27:15-52
50            <!--
51                 Displays an Android View that continues showing the launch screen
52                 Drawable until Flutter paints its first frame, then this splash
53                 screen fades out. A splash screen is useful to avoid any visual
54                 gap between the end of Android's launch screen and the painting of
55                 Flutter's first frame.
56            -->
57            <meta-data
57-->src\main\AndroidManifest.xml:34:13-37:17
58                android:name="io.flutter.embedding.android.SplashScreenDrawable"
58-->src\main\AndroidManifest.xml:35:15-79
59                android:resource="@drawable/launch_background" />
59-->src\main\AndroidManifest.xml:36:15-61
60
61            <intent-filter>
61-->src\main\AndroidManifest.xml:38:13-41:29
62                <action android:name="android.intent.action.MAIN" />
62-->src\main\AndroidManifest.xml:39:17-68
62-->src\main\AndroidManifest.xml:39:25-66
63
64                <category android:name="android.intent.category.LAUNCHER" />
64-->src\main\AndroidManifest.xml:40:17-76
64-->src\main\AndroidManifest.xml:40:27-74
65            </intent-filter>
66            <!-- Deep linking -->
67            <meta-data
67-->src\main\AndroidManifest.xml:43:13-90
68                android:name="flutter_deeplinking_enabled"
68-->src\main\AndroidManifest.xml:43:24-66
69                android:value="true" />
69-->src\main\AndroidManifest.xml:43:67-87
70
71            <intent-filter android:autoVerify="true" >
71-->src\main\AndroidManifest.xml:44:13-49:29
71-->src\main\AndroidManifest.xml:44:28-53
72                <action android:name="android.intent.action.VIEW" />
72-->src\main\AndroidManifest.xml:45:17-69
72-->src\main\AndroidManifest.xml:45:25-66
73
74                <category android:name="android.intent.category.DEFAULT" />
74-->src\main\AndroidManifest.xml:46:17-76
74-->src\main\AndroidManifest.xml:46:27-73
75                <category android:name="android.intent.category.BROWSABLE" />
75-->src\main\AndroidManifest.xml:47:17-78
75-->src\main\AndroidManifest.xml:47:27-75
76
77                <data
77-->src\main\AndroidManifest.xml:48:17-79
78                    android:host="medhouse.com"
78-->src\main\AndroidManifest.xml:48:49-76
79                    android:scheme="medhouse" />
79-->src\main\AndroidManifest.xml:48:23-48
80            </intent-filter>
81        </activity>
82
83        <!--
84             Don't delete the meta-data below.
85             This is used by the Flutter tool to generate GeneratedPluginRegistrant.java
86        -->
87        <meta-data
87-->src\main\AndroidManifest.xml:55:9-57:33
88            android:name="flutterEmbedding"
88-->src\main\AndroidManifest.xml:56:13-44
89            android:value="2" />
89-->src\main\AndroidManifest.xml:57:13-30
90
91        <service
91-->[:cloud_firestore] AndroidManifest.xml:8:9-12:19
92            android:name="com.google.firebase.components.ComponentDiscoveryService"
92-->[:cloud_firestore] AndroidManifest.xml:8:18-89
93            android:directBootAware="true"
93-->[com.google.firebase:firebase-common:21.0.0] AndroidManifest.xml:32:13-43
94            android:exported="false" >
94-->[com.google.firebase:firebase-firestore:25.1.4] AndroidManifest.xml:16:13-37
95            <meta-data
95-->[:cloud_firestore] AndroidManifest.xml:9:13-11:85
96                android:name="com.google.firebase.components:io.flutter.plugins.firebase.firestore.FlutterFirebaseFirestoreRegistrar"
96-->[:cloud_firestore] AndroidManifest.xml:10:17-134
97                android:value="com.google.firebase.components.ComponentRegistrar" />
97-->[:cloud_firestore] AndroidManifest.xml:11:17-82
98            <meta-data
98-->[:firebase_performance] AndroidManifest.xml:11:13-13:85
99                android:name="com.google.firebase.components:io.flutter.plugins.firebase.performance.FlutterFirebaseAppRegistrar"
99-->[:firebase_performance] AndroidManifest.xml:12:17-130
100                android:value="com.google.firebase.components.ComponentRegistrar" />
100-->[:firebase_performance] AndroidManifest.xml:13:17-82
101            <meta-data
101-->[:firebase_core] AndroidManifest.xml:9:13-11:85
102                android:name="com.google.firebase.components:io.flutter.plugins.firebase.core.FlutterFirebaseCoreRegistrar"
102-->[:firebase_core] AndroidManifest.xml:10:17-124
103                android:value="com.google.firebase.components.ComponentRegistrar" />
103-->[:firebase_core] AndroidManifest.xml:11:17-82
104            <meta-data
104-->[com.google.firebase:firebase-firestore:25.1.4] AndroidManifest.xml:17:13-19:85
105                android:name="com.google.firebase.components:com.google.firebase.firestore.FirebaseFirestoreKtxRegistrar"
105-->[com.google.firebase:firebase-firestore:25.1.4] AndroidManifest.xml:18:17-122
106                android:value="com.google.firebase.components.ComponentRegistrar" />
106-->[com.google.firebase:firebase-firestore:25.1.4] AndroidManifest.xml:19:17-82
107            <meta-data
107-->[com.google.firebase:firebase-firestore:25.1.4] AndroidManifest.xml:20:13-22:85
108                android:name="com.google.firebase.components:com.google.firebase.firestore.FirestoreRegistrar"
108-->[com.google.firebase:firebase-firestore:25.1.4] AndroidManifest.xml:21:17-111
109                android:value="com.google.firebase.components.ComponentRegistrar" />
109-->[com.google.firebase:firebase-firestore:25.1.4] AndroidManifest.xml:22:17-82
110            <meta-data
110-->[com.google.firebase:firebase-perf:21.0.5] AndroidManifest.xml:14:13-16:85
111                android:name="com.google.firebase.components:com.google.firebase.perf.FirebasePerfKtxRegistrar"
111-->[com.google.firebase:firebase-perf:21.0.5] AndroidManifest.xml:15:17-112
112                android:value="com.google.firebase.components.ComponentRegistrar" />
112-->[com.google.firebase:firebase-perf:21.0.5] AndroidManifest.xml:16:17-82
113            <meta-data
113-->[com.google.firebase:firebase-perf:21.0.5] AndroidManifest.xml:17:13-19:85
114                android:name="com.google.firebase.components:com.google.firebase.perf.FirebasePerfRegistrar"
114-->[com.google.firebase:firebase-perf:21.0.5] AndroidManifest.xml:18:17-109
115                android:value="com.google.firebase.components.ComponentRegistrar" />
115-->[com.google.firebase:firebase-perf:21.0.5] AndroidManifest.xml:19:17-82
116            <meta-data
116-->[com.google.firebase:firebase-config:22.1.2] AndroidManifest.xml:29:13-31:85
117                android:name="com.google.firebase.components:com.google.firebase.remoteconfig.FirebaseRemoteConfigKtxRegistrar"
117-->[com.google.firebase:firebase-config:22.1.2] AndroidManifest.xml:30:17-128
118                android:value="com.google.firebase.components.ComponentRegistrar" />
118-->[com.google.firebase:firebase-config:22.1.2] AndroidManifest.xml:31:17-82
119            <meta-data
119-->[com.google.firebase:firebase-config:22.1.2] AndroidManifest.xml:32:13-34:85
120                android:name="com.google.firebase.components:com.google.firebase.remoteconfig.RemoteConfigRegistrar"
120-->[com.google.firebase:firebase-config:22.1.2] AndroidManifest.xml:33:17-117
121                android:value="com.google.firebase.components.ComponentRegistrar" />
121-->[com.google.firebase:firebase-config:22.1.2] AndroidManifest.xml:34:17-82
122            <meta-data
122-->[com.google.firebase:firebase-sessions:2.0.7] AndroidManifest.xml:29:13-31:85
123                android:name="com.google.firebase.components:com.google.firebase.sessions.FirebaseSessionsRegistrar"
123-->[com.google.firebase:firebase-sessions:2.0.7] AndroidManifest.xml:30:17-117
124                android:value="com.google.firebase.components.ComponentRegistrar" />
124-->[com.google.firebase:firebase-sessions:2.0.7] AndroidManifest.xml:31:17-82
125            <meta-data
125-->[com.google.firebase:firebase-installations:18.0.0] AndroidManifest.xml:15:13-17:85
126                android:name="com.google.firebase.components:com.google.firebase.installations.FirebaseInstallationsKtxRegistrar"
126-->[com.google.firebase:firebase-installations:18.0.0] AndroidManifest.xml:16:17-130
127                android:value="com.google.firebase.components.ComponentRegistrar" />
127-->[com.google.firebase:firebase-installations:18.0.0] AndroidManifest.xml:17:17-82
128            <meta-data
128-->[com.google.firebase:firebase-installations:18.0.0] AndroidManifest.xml:18:13-20:85
129                android:name="com.google.firebase.components:com.google.firebase.installations.FirebaseInstallationsRegistrar"
129-->[com.google.firebase:firebase-installations:18.0.0] AndroidManifest.xml:19:17-127
130                android:value="com.google.firebase.components.ComponentRegistrar" />
130-->[com.google.firebase:firebase-installations:18.0.0] AndroidManifest.xml:20:17-82
131            <meta-data
131-->[com.google.firebase:firebase-common-ktx:21.0.0] AndroidManifest.xml:12:13-14:85
132                android:name="com.google.firebase.components:com.google.firebase.ktx.FirebaseCommonLegacyRegistrar"
132-->[com.google.firebase:firebase-common-ktx:21.0.0] AndroidManifest.xml:13:17-116
133                android:value="com.google.firebase.components.ComponentRegistrar" />
133-->[com.google.firebase:firebase-common-ktx:21.0.0] AndroidManifest.xml:14:17-82
134            <meta-data
134-->[com.google.firebase:firebase-common:21.0.0] AndroidManifest.xml:35:13-37:85
135                android:name="com.google.firebase.components:com.google.firebase.FirebaseCommonKtxRegistrar"
135-->[com.google.firebase:firebase-common:21.0.0] AndroidManifest.xml:36:17-109
136                android:value="com.google.firebase.components.ComponentRegistrar" />
136-->[com.google.firebase:firebase-common:21.0.0] AndroidManifest.xml:37:17-82
137            <meta-data
137-->[com.google.firebase:firebase-abt:21.1.1] AndroidManifest.xml:12:13-14:85
138                android:name="com.google.firebase.components:com.google.firebase.abt.component.AbtRegistrar"
138-->[com.google.firebase:firebase-abt:21.1.1] AndroidManifest.xml:13:17-109
139                android:value="com.google.firebase.components.ComponentRegistrar" />
139-->[com.google.firebase:firebase-abt:21.1.1] AndroidManifest.xml:14:17-82
140            <meta-data
140-->[com.google.firebase:firebase-datatransport:19.0.0] AndroidManifest.xml:25:13-27:85
141                android:name="com.google.firebase.components:com.google.firebase.datatransport.TransportRegistrar"
141-->[com.google.firebase:firebase-datatransport:19.0.0] AndroidManifest.xml:26:17-115
142                android:value="com.google.firebase.components.ComponentRegistrar" />
142-->[com.google.firebase:firebase-datatransport:19.0.0] AndroidManifest.xml:27:17-82
143        </service>
144
145        <activity
145-->[:url_launcher_android] AndroidManifest.xml:8:9-11:74
146            android:name="io.flutter.plugins.urllauncher.WebViewActivity"
146-->[:url_launcher_android] AndroidManifest.xml:9:13-74
147            android:exported="false"
147-->[:url_launcher_android] AndroidManifest.xml:10:13-37
148            android:theme="@android:style/Theme.NoTitleBar.Fullscreen" />
148-->[:url_launcher_android] AndroidManifest.xml:11:13-71
149
150        <service
150-->[com.google.firebase:firebase-sessions:2.0.7] AndroidManifest.xml:22:9-25:40
151            android:name="com.google.firebase.sessions.SessionLifecycleService"
151-->[com.google.firebase:firebase-sessions:2.0.7] AndroidManifest.xml:23:13-80
152            android:enabled="true"
152-->[com.google.firebase:firebase-sessions:2.0.7] AndroidManifest.xml:24:13-35
153            android:exported="false" />
153-->[com.google.firebase:firebase-sessions:2.0.7] AndroidManifest.xml:25:13-37
154
155        <uses-library
155-->[androidx.window:window:1.2.0] AndroidManifest.xml:23:9-25:40
156            android:name="androidx.window.extensions"
156-->[androidx.window:window:1.2.0] AndroidManifest.xml:24:13-54
157            android:required="false" />
157-->[androidx.window:window:1.2.0] AndroidManifest.xml:25:13-37
158        <uses-library
158-->[androidx.window:window:1.2.0] AndroidManifest.xml:26:9-28:40
159            android:name="androidx.window.sidecar"
159-->[androidx.window:window:1.2.0] AndroidManifest.xml:27:13-51
160            android:required="false" />
160-->[androidx.window:window:1.2.0] AndroidManifest.xml:28:13-37
161
162        <provider
162-->[com.google.firebase:firebase-common:21.0.0] AndroidManifest.xml:23:9-28:39
163            android:name="com.google.firebase.provider.FirebaseInitProvider"
163-->[com.google.firebase:firebase-common:21.0.0] AndroidManifest.xml:24:13-77
164            android:authorities="io.flutterflow.quizgametemplate.firebaseinitprovider"
164-->[com.google.firebase:firebase-common:21.0.0] AndroidManifest.xml:25:13-72
165            android:directBootAware="true"
165-->[com.google.firebase:firebase-common:21.0.0] AndroidManifest.xml:26:13-43
166            android:exported="false"
166-->[com.google.firebase:firebase-common:21.0.0] AndroidManifest.xml:27:13-37
167            android:initOrder="100" />
167-->[com.google.firebase:firebase-common:21.0.0] AndroidManifest.xml:28:13-36
168
169        <activity
169-->[com.google.android.gms:play-services-base:18.1.0] AndroidManifest.xml:20:9-22:45
170            android:name="com.google.android.gms.common.api.GoogleApiActivity"
170-->[com.google.android.gms:play-services-base:18.1.0] AndroidManifest.xml:20:19-85
171            android:exported="false"
171-->[com.google.android.gms:play-services-base:18.1.0] AndroidManifest.xml:22:19-43
172            android:theme="@android:style/Theme.Translucent.NoTitleBar" />
172-->[com.google.android.gms:play-services-base:18.1.0] AndroidManifest.xml:21:19-78
173
174        <provider
174-->[androidx.emoji2:emoji2:1.3.0] AndroidManifest.xml:24:9-32:20
175            android:name="androidx.startup.InitializationProvider"
175-->[androidx.emoji2:emoji2:1.3.0] AndroidManifest.xml:25:13-67
176            android:authorities="io.flutterflow.quizgametemplate.androidx-startup"
176-->[androidx.emoji2:emoji2:1.3.0] AndroidManifest.xml:26:13-68
177            android:exported="false" >
177-->[androidx.emoji2:emoji2:1.3.0] AndroidManifest.xml:27:13-37
178            <meta-data
178-->[androidx.emoji2:emoji2:1.3.0] AndroidManifest.xml:29:13-31:52
179                android:name="androidx.emoji2.text.EmojiCompatInitializer"
179-->[androidx.emoji2:emoji2:1.3.0] AndroidManifest.xml:30:17-75
180                android:value="androidx.startup" />
180-->[androidx.emoji2:emoji2:1.3.0] AndroidManifest.xml:31:17-49
181            <meta-data
181-->[androidx.lifecycle:lifecycle-process:2.7.0] AndroidManifest.xml:29:13-31:52
182                android:name="androidx.lifecycle.ProcessLifecycleInitializer"
182-->[androidx.lifecycle:lifecycle-process:2.7.0] AndroidManifest.xml:30:17-78
183                android:value="androidx.startup" />
183-->[androidx.lifecycle:lifecycle-process:2.7.0] AndroidManifest.xml:31:17-49
184            <meta-data
184-->[androidx.profileinstaller:profileinstaller:1.3.1] AndroidManifest.xml:29:13-31:52
185                android:name="androidx.profileinstaller.ProfileInstallerInitializer"
185-->[androidx.profileinstaller:profileinstaller:1.3.1] AndroidManifest.xml:30:17-85
186                android:value="androidx.startup" />
186-->[androidx.profileinstaller:profileinstaller:1.3.1] AndroidManifest.xml:31:17-49
187        </provider>
188
189        <meta-data
189-->[com.google.android.gms:play-services-basement:18.3.0] AndroidManifest.xml:21:9-23:69
190            android:name="com.google.android.gms.version"
190-->[com.google.android.gms:play-services-basement:18.3.0] AndroidManifest.xml:22:13-58
191            android:value="@integer/google_play_services_version" />
191-->[com.google.android.gms:play-services-basement:18.3.0] AndroidManifest.xml:23:13-66
192
193        <receiver
193-->[androidx.profileinstaller:profileinstaller:1.3.1] AndroidManifest.xml:34:9-52:20
194            android:name="androidx.profileinstaller.ProfileInstallReceiver"
194-->[androidx.profileinstaller:profileinstaller:1.3.1] AndroidManifest.xml:35:13-76
195            android:directBootAware="false"
195-->[androidx.profileinstaller:profileinstaller:1.3.1] AndroidManifest.xml:36:13-44
196            android:enabled="true"
196-->[androidx.profileinstaller:profileinstaller:1.3.1] AndroidManifest.xml:37:13-35
197            android:exported="true"
197-->[androidx.profileinstaller:profileinstaller:1.3.1] AndroidManifest.xml:38:13-36
198            android:permission="android.permission.DUMP" >
198-->[androidx.profileinstaller:profileinstaller:1.3.1] AndroidManifest.xml:39:13-57
199            <intent-filter>
199-->[androidx.profileinstaller:profileinstaller:1.3.1] AndroidManifest.xml:40:13-42:29
200                <action android:name="androidx.profileinstaller.action.INSTALL_PROFILE" />
200-->[androidx.profileinstaller:profileinstaller:1.3.1] AndroidManifest.xml:41:17-91
200-->[androidx.profileinstaller:profileinstaller:1.3.1] AndroidManifest.xml:41:25-88
201            </intent-filter>
202            <intent-filter>
202-->[androidx.profileinstaller:profileinstaller:1.3.1] AndroidManifest.xml:43:13-45:29
203                <action android:name="androidx.profileinstaller.action.SKIP_FILE" />
203-->[androidx.profileinstaller:profileinstaller:1.3.1] AndroidManifest.xml:44:17-85
203-->[androidx.profileinstaller:profileinstaller:1.3.1] AndroidManifest.xml:44:25-82
204            </intent-filter>
205            <intent-filter>
205-->[androidx.profileinstaller:profileinstaller:1.3.1] AndroidManifest.xml:46:13-48:29
206                <action android:name="androidx.profileinstaller.action.SAVE_PROFILE" />
206-->[androidx.profileinstaller:profileinstaller:1.3.1] AndroidManifest.xml:47:17-88
206-->[androidx.profileinstaller:profileinstaller:1.3.1] AndroidManifest.xml:47:25-85
207            </intent-filter>
208            <intent-filter>
208-->[androidx.profileinstaller:profileinstaller:1.3.1] AndroidManifest.xml:49:13-51:29
209                <action android:name="androidx.profileinstaller.action.BENCHMARK_OPERATION" />
209-->[androidx.profileinstaller:profileinstaller:1.3.1] AndroidManifest.xml:50:17-95
209-->[androidx.profileinstaller:profileinstaller:1.3.1] AndroidManifest.xml:50:25-92
210            </intent-filter>
211        </receiver>
212
213        <service
213-->[com.google.android.datatransport:transport-backend-cct:3.2.0] AndroidManifest.xml:26:9-32:19
214            android:name="com.google.android.datatransport.runtime.backends.TransportBackendDiscovery"
214-->[com.google.android.datatransport:transport-backend-cct:3.2.0] AndroidManifest.xml:27:13-103
215            android:exported="false" >
215-->[com.google.android.datatransport:transport-backend-cct:3.2.0] AndroidManifest.xml:28:13-37
216            <meta-data
216-->[com.google.android.datatransport:transport-backend-cct:3.2.0] AndroidManifest.xml:29:13-31:39
217                android:name="backend:com.google.android.datatransport.cct.CctBackendFactory"
217-->[com.google.android.datatransport:transport-backend-cct:3.2.0] AndroidManifest.xml:30:17-94
218                android:value="cct" />
218-->[com.google.android.datatransport:transport-backend-cct:3.2.0] AndroidManifest.xml:31:17-36
219        </service>
220        <service
220-->[com.google.android.datatransport:transport-runtime:3.2.0] AndroidManifest.xml:24:9-28:19
221            android:name="com.google.android.datatransport.runtime.scheduling.jobscheduling.JobInfoSchedulerService"
221-->[com.google.android.datatransport:transport-runtime:3.2.0] AndroidManifest.xml:25:13-117
222            android:exported="false"
222-->[com.google.android.datatransport:transport-runtime:3.2.0] AndroidManifest.xml:26:13-37
223            android:permission="android.permission.BIND_JOB_SERVICE" >
223-->[com.google.android.datatransport:transport-runtime:3.2.0] AndroidManifest.xml:27:13-69
224        </service>
225
226        <receiver
226-->[com.google.android.datatransport:transport-runtime:3.2.0] AndroidManifest.xml:30:9-32:40
227            android:name="com.google.android.datatransport.runtime.scheduling.jobscheduling.AlarmManagerSchedulerBroadcastReceiver"
227-->[com.google.android.datatransport:transport-runtime:3.2.0] AndroidManifest.xml:31:13-132
228            android:exported="false" />
228-->[com.google.android.datatransport:transport-runtime:3.2.0] AndroidManifest.xml:32:13-37
229    </application>
230
231</manifest>